Library/Bee/Android/Prj/IL2CPP/Gradle/launcher/build/intermediates/manifest_merge_blame_file/debug/manifest-merger-blame-debug-report.txt
1<?xml version="1.0" encoding="utf-8"?>
2<manifest xmlns:android="http://schemas.android.com/apk/res/android"
3    package="com.DefaultCompany.StartGame"
4    android:installLocation="preferExternal"
5    android:versionCode="1"
6    android:versionName="0.1" >
7
8    <uses-sdk
9        android:minSdkVersion="28"
9-->src/main/AndroidManifest.xml
10        android:targetSdkVersion="32" />
10-->src/main/AndroidManifest.xml
11
12    <supports-screens
12-->src/main/AndroidManifest.xml:4:3-163
13        android:anyDensity="true"
13-->src/main/AndroidManifest.xml:4:135-160
14        android:largeScreens="true"
14-->src/main/AndroidManifest.xml:4:78-105
15        android:normalScreens="true"
15-->src/main/AndroidManifest.xml:4:49-77
16        android:smallScreens="true"
16-->src/main/AndroidManifest.xml:4:21-48
17        android:xlargeScreens="true" />
17-->src/main/AndroidManifest.xml:4:106-134
18
19    <uses-permission android:name="android.permission.INTERNET" />
19-->[:unityLibrary] AndroidManifest.xml:10:5-67
19-->[:unityLibrary] AndroidManifest.xml:10:22-64
20
21    <uses-feature android:glEsVersion="0x00030000" />
21-->[:unityLibrary] AndroidManifest.xml:12:5-54
21-->[:unityLibrary] AndroidManifest.xml:12:19-51
22    <uses-feature
22-->[:unityLibrary] AndroidManifest.xml:13:5-15:36
23        android:name="android.hardware.vulkan.version"
23-->[:unityLibrary] AndroidManifest.xml:14:9-55
24        android:required="false" />
24-->[:unityLibrary] AndroidManifest.xml:15:9-33
25    <uses-feature
25-->[:unityLibrary] AndroidManifest.xml:16:5-18:36
26        android:name="android.hardware.touchscreen"
26-->[:unityLibrary] AndroidManifest.xml:17:9-52
27        android:required="false" />
27-->[:unityLibrary] AndroidManifest.xml:18:9-33
28
29    <application
29-->src/main/AndroidManifest.xml:3:3-83
30        android:debuggable="true"
31        android:extractNativeLibs="true"
31-->[:unityLibrary] AndroidManifest.xml:20:18-50
32        android:icon="@mipmap/app_icon"
32-->src/main/AndroidManifest.xml:3:49-80
33        android:label="@string/app_name" >
33-->src/main/AndroidManifest.xml:3:16-48
34        <meta-data
34-->[:unityLibrary] AndroidManifest.xml:21:9-23:33
35            android:name="unity.splash-mode"
35-->[:unityLibrary] AndroidManifest.xml:22:13-45
36            android:value="0" />
36-->[:unityLibrary] AndroidManifest.xml:23:13-30
37        <meta-data
37-->[:unityLibrary] AndroidManifest.xml:24:9-26:36
38            android:name="unity.splash-enable"
38-->[:unityLibrary] AndroidManifest.xml:25:13-47
39            android:value="True" />
39-->[:unityLibrary] AndroidManifest.xml:26:13-33
40        <meta-data
40-->[:unityLibrary] AndroidManifest.xml:27:9-29:36
41            android:name="unity.launch-fullscreen"
41-->[:unityLibrary] AndroidManifest.xml:28:13-51
42            android:value="True" />
42-->[:unityLibrary] AndroidManifest.xml:29:13-33
43        <meta-data
43-->[:unityLibrary] AndroidManifest.xml:30:9-32:37
44            android:name="unity.allow-resizable-window"
44-->[:unityLibrary] AndroidManifest.xml:31:13-56
45            android:value="False" />
45-->[:unityLibrary] AndroidManifest.xml:32:13-34
46        <meta-data
46-->[:unityLibrary] AndroidManifest.xml:33:9-35:50
47            android:name="notch.config"
47-->[:unityLibrary] AndroidManifest.xml:34:13-40
48            android:value="portrait|landscape" />
48-->[:unityLibrary] AndroidManifest.xml:35:13-47
49        <meta-data
49-->[:unityLibrary] AndroidManifest.xml:36:9-38:36
50            android:name="unity.auto-report-fully-drawn"
50-->[:unityLibrary] AndroidManifest.xml:37:13-57
51            android:value="true" />
51-->[:unityLibrary] AndroidManifest.xml:38:13-33
52
53        <activity
53-->[:unityLibrary] AndroidManifest.xml:40:9-61:20
54            android:name="com.unity3d.player.UnityPlayerActivity"
54-->[:unityLibrary] AndroidManifest.xml:41:13-66
55            android:configChanges="mcc|mnc|locale|touchscreen|keyboard|keyboardHidden|navigation|orientation|screenLayout|uiMode|screenSize|smallestScreenSize|fontScale|layoutDirection|density"
55-->[:unityLibrary] AndroidManifest.xml:42:13-194
56            android:exported="true"
56-->[:unityLibrary] AndroidManifest.xml:43:13-36
57            android:hardwareAccelerated="false"
57-->[:unityLibrary] AndroidManifest.xml:44:13-48
58            android:launchMode="singleTask"
58-->[:unityLibrary] AndroidManifest.xml:45:13-44
59            android:resizeableActivity="false"
59-->[:unityLibrary] AndroidManifest.xml:46:13-47
60            android:screenOrientation="fullUser"
60-->[:unityLibrary] AndroidManifest.xml:47:13-49
61            android:theme="@style/UnityThemeSelector" >
61-->[:unityLibrary] AndroidManifest.xml:48:13-54
62            <intent-filter>
62-->[:unityLibrary] AndroidManifest.xml:49:13-53:29
63                <category android:name="android.intent.category.LAUNCHER" />
63-->[:unityLibrary] AndroidManifest.xml:50:17-77
63-->[:unityLibrary] AndroidManifest.xml:50:27-74
64
65                <action android:name="android.intent.action.MAIN" />
65-->[:unityLibrary] AndroidManifest.xml:52:17-69
65-->[:unityLibrary] AndroidManifest.xml:52:25-66
66            </intent-filter>
67
68            <meta-data
68-->[:unityLibrary] AndroidManifest.xml:55:13-57:40
69                android:name="unityplayer.UnityActivity"
69-->[:unityLibrary] AndroidManifest.xml:56:17-57
70                android:value="true" />
70-->[:unityLibrary] AndroidManifest.xml:57:17-37
71            <meta-data
71-->[:unityLibrary] AndroidManifest.xml:58:13-60:40
72                android:name="notch_support"
72-->[:unityLibrary] AndroidManifest.xml:59:17-45
73                android:value="true" />
73-->[:unityLibrary] AndroidManifest.xml:60:17-37
74        </activity>
75    </application>
76
77</manifest>